Performing C++ SOURCE FILE Test CMAKE_HAVE_LIBC_PTHREAD failed with the following output:
Change Dir: /home/gcsdev/final_gateway/src/build/CMakeFiles/CMakeTmp

Run Build Command(s):/usr/bin/gmake cmTC_6a3a9/fast && /usr/bin/gmake  -f CMakeFiles/cmTC_6a3a9.dir/build.make CMakeFiles/cmTC_6a3a9.dir/build
gmake[1]: Entering directory `/home/gcsdev/final_gateway/src/build/CMakeFiles/CMakeTmp'
Building CXX object CMakeFiles/cmTC_6a3a9.dir/src.cxx.o
/usr/bin/c++    -DCMAKE_HAVE_LIBC_PTHREAD   -std=c++11 -o CMakeFiles/cmTC_6a3a9.dir/src.cxx.o -c /home/gcsdev/final_gateway/src/build/CMakeFiles/CMakeTmp/src.cxx
Linking CXX executable cmTC_6a3a9
/usr/bin/cmake3 -E cmake_link_script CMakeFiles/cmTC_6a3a9.dir/link.txt --verbose=1
/usr/bin/c++   -DCMAKE_HAVE_LIBC_PTHREAD    CMakeFiles/cmTC_6a3a9.dir/src.cxx.o  -o cmTC_6a3a9 
CMakeFiles/cmTC_6a3a9.dir/src.cxx.o: In function `main':
src.cxx:(.text+0x2d): undefined reference to `pthread_create'
src.cxx:(.text+0x39): undefined reference to `pthread_detach'
src.cxx:(.text+0x45): undefined reference to `pthread_cancel'
src.cxx:(.text+0x56): undefined reference to `pthread_join'
src.cxx:(.text+0x6a): undefined reference to `pthread_atfork'
collect2: error: ld returned 1 exit status
gmake[1]: *** [cmTC_6a3a9] Error 1
gmake[1]: Leaving directory `/home/gcsdev/final_gateway/src/build/CMakeFiles/CMakeTmp'
gmake: *** [cmTC_6a3a9/fast] Error 2


Source file was:
#include <pthread.h>

void* test_func(void* data)
{
  return data;
}

int main(void)
{
  pthread_t thread;
  pthread_create(&thread, NULL, test_func, NULL);
  pthread_detach(thread);
  pthread_cancel(thread);
  pthread_join(thread, NULL);
  pthread_atfork(NULL, NULL, NULL);
  pthread_exit(NULL);

  return 0;
}

Determining if the function pthread_create exists in the pthreads failed with the following output:
Change Dir: /home/gcsdev/final_gateway/src/build/CMakeFiles/CMakeTmp

Run Build Command(s):/usr/bin/gmake cmTC_86d5c/fast && /usr/bin/gmake  -f CMakeFiles/cmTC_86d5c.dir/build.make CMakeFiles/cmTC_86d5c.dir/build
gmake[1]: Entering directory `/home/gcsdev/final_gateway/src/build/CMakeFiles/CMakeTmp'
Building CXX object CMakeFiles/cmTC_86d5c.dir/CheckFunctionExists.cxx.o
/usr/bin/c++    -DCHECK_FUNCTION_EXISTS=pthread_create   -std=c++11 -o CMakeFiles/cmTC_86d5c.dir/CheckFunctionExists.cxx.o -c /home/gcsdev/final_gateway/src/build/CMakeFiles/CheckLibraryExists/CheckFunctionExists.cxx
Linking CXX executable cmTC_86d5c
/usr/bin/cmake3 -E cmake_link_script CMakeFiles/cmTC_86d5c.dir/link.txt --verbose=1
/usr/bin/c++   -DCHECK_FUNCTION_EXISTS=pthread_create    CMakeFiles/cmTC_86d5c.dir/CheckFunctionExists.cxx.o  -o cmTC_86d5c  -lpthreads 
/usr/bin/ld: cannot find -lpthreads
collect2: error: ld returned 1 exit status
gmake[1]: *** [cmTC_86d5c] Error 1
gmake[1]: Leaving directory `/home/gcsdev/final_gateway/src/build/CMakeFiles/CMakeTmp'
gmake: *** [cmTC_86d5c/fast] Error 2



